app/build/intermediates/manifest_merge_blame_file/debug/manifest-merger-blame-debug-report.txt
1<?xml version="1.0" encoding="utf-8"?>
2<manifest xmlns:android="http://schemas.android.com/apk/res/android"
3    package="com.example.bloodfinder"
4    android:versionCode="1"
5    android:versionName="1.0" >
6
7    <uses-sdk
8        android:minSdkVersion="16"
8-->src\main\AndroidManifest.xml
9        android:targetSdkVersion="30" />
9-->src\main\AndroidManifest.xml
10
11    <uses-permission android:name="android.permission.ACCESS_FINE_LOCATION" />
11-->src\main\AndroidManifest.xml:6:5-79
11-->src\main\AndroidManifest.xml:6:22-76
12    <uses-permission android:name="android.permission.INTERNET" />
12-->src\main\AndroidManifest.xml:7:5-67
12-->src\main\AndroidManifest.xml:7:22-64
13    <uses-permission android:name="android.permission.ACCESS_COARSE_LOCATION" />
13-->src\main\AndroidManifest.xml:8:5-81
13-->src\main\AndroidManifest.xml:8:22-78
14    <uses-permission android:name="android.permission.READ_EXTERNAL_STORAGE" />
14-->src\main\AndroidManifest.xml:9:5-80
14-->src\main\AndroidManifest.xml:9:22-77
15    <uses-permission android:name="android.permission.SEND_SMS" />
15-->src\main\AndroidManifest.xml:10:5-67
15-->src\main\AndroidManifest.xml:10:22-64
16    <uses-permission android:name="android.permission.POST_NOTIFICATIONS" />
16-->src\main\AndroidManifest.xml:11:5-77
16-->src\main\AndroidManifest.xml:11:22-74
17
18    <!-- Although the *SdkVersion is captured in gradle build files, this is required for non gradle builds -->
19    <!-- <uses-sdk android:minSdkVersion="14"/> -->
20    <uses-permission android:name="android.permission.ACCESS_NETWORK_STATE" />
20-->[com.google.firebase:firebase-database:19.5.1] AndroidManifest.xml:25:5-79
20-->[com.google.firebase:firebase-database:19.5.1] AndroidManifest.xml:25:22-76
21
22    <uses-feature
22-->[com.google.android.gms:play-services-maps:16.0.0] AndroidManifest.xml:26:5-28:35
23        android:glEsVersion="0x00020000"
23-->[com.google.android.gms:play-services-maps:16.0.0] AndroidManifest.xml:27:9-41
24        android:required="true" />
24-->[com.google.android.gms:play-services-maps:16.0.0] AndroidManifest.xml:28:9-32
25
26    <uses-permission android:name="android.permission.WAKE_LOCK" /> <!-- Required by older versions of Google Play services to create IID tokens -->
26-->[com.google.firebase:firebase-iid:21.0.0] AndroidManifest.xml:24:5-68
26-->[com.google.firebase:firebase-iid:21.0.0] AndroidManifest.xml:24:22-65
27    <uses-permission android:name="com.google.android.c2dm.permission.RECEIVE" />
27-->[com.google.firebase:firebase-iid:21.0.0] AndroidManifest.xml:26:5-82
27-->[com.google.firebase:firebase-iid:21.0.0] AndroidManifest.xml:26:22-79
28
29    <application
29-->src\main\AndroidManifest.xml:13:5-196:19
30        android:allowBackup="true"
30-->src\main\AndroidManifest.xml:14:9-35
31        android:appComponentFactory="androidx.core.app.CoreComponentFactory"
31-->[androidx.core:core:1.3.1] AndroidManifest.xml:24:18-86
32        android:debuggable="true"
33        android:icon="@mipmap/ic_launcher"
33-->src\main\AndroidManifest.xml:15:9-43
34        android:label="@string/app_name"
34-->src\main\AndroidManifest.xml:16:9-41
35        android:roundIcon="@mipmap/ic_launcher_round"
35-->src\main\AndroidManifest.xml:17:9-54
36        android:supportsRtl="true"
36-->src\main\AndroidManifest.xml:18:9-35
37        android:testOnly="true"
38        android:theme="@style/AppTheme" >
38-->src\main\AndroidManifest.xml:19:9-40
39        <activity
39-->src\main\AndroidManifest.xml:21:9-24:59
40            android:name="com.example.bloodfinder.Activities.UserViewHospital"
40-->src\main\AndroidManifest.xml:22:13-79
41            android:parentActivityName="com.example.bloodfinder.Activities.Dashboard"
41-->src\main\AndroidManifest.xml:23:13-86
42            android:theme="@style/AppTheme.NoActionBar" />
42-->src\main\AndroidManifest.xml:24:13-56
43        <activity
43-->src\main\AndroidManifest.xml:25:9-28:59
44            android:name="com.example.bloodfinder.Activities.ViewEvent"
44-->src\main\AndroidManifest.xml:26:13-72
45            android:parentActivityName="com.example.bloodfinder.Activities.Dashboard"
45-->src\main\AndroidManifest.xml:27:13-86
46            android:theme="@style/AppTheme.NoActionBar" />
46-->src\main\AndroidManifest.xml:28:13-56
47        <activity
47-->src\main\AndroidManifest.xml:29:9-31:59
48            android:name="com.example.bloodfinder.Activities.Hospital.HospitalProfile"
48-->src\main\AndroidManifest.xml:30:13-87
49            android:theme="@style/AppTheme.NoActionBar" />
49-->src\main\AndroidManifest.xml:31:13-56
50        <activity
50-->src\main\AndroidManifest.xml:32:9-34:59
51            android:name="com.example.bloodfinder.Activities.Hospital.HospitalProfileUpdate"
51-->src\main\AndroidManifest.xml:33:13-93
52            android:theme="@style/AppTheme.NoActionBar" />
52-->src\main\AndroidManifest.xml:34:13-56
53        <activity
53-->src\main\AndroidManifest.xml:35:9-38:59
54            android:name="com.example.bloodfinder.Activities.Hospital.SendAlert"
54-->src\main\AndroidManifest.xml:36:13-81
55            android:parentActivityName="com.example.bloodfinder.Activities.Hospital.HospitalDashboard"
55-->src\main\AndroidManifest.xml:37:13-103
56            android:theme="@style/AppTheme.NoActionBar" />
56-->src\main\AndroidManifest.xml:38:13-56
57        <activity
57-->src\main\AndroidManifest.xml:39:9-42:59
58            android:name="com.example.bloodfinder.Activities.Admin.AddEvent"
58-->src\main\AndroidManifest.xml:40:13-77
59            android:parentActivityName="com.example.bloodfinder.Activities.Admin.AdminDashboard"
59-->src\main\AndroidManifest.xml:41:13-97
60            android:theme="@style/AppTheme.NoActionBar" />
60-->src\main\AndroidManifest.xml:42:13-56
61        <activity
61-->src\main\AndroidManifest.xml:43:9-46:59
62            android:name="com.example.bloodfinder.Activities.Admin.AdminProfileUpdate"
62-->src\main\AndroidManifest.xml:44:13-87
63            android:parentActivityName="com.example.bloodfinder.Activities.Admin.AdminDashboard"
63-->src\main\AndroidManifest.xml:45:13-97
64            android:theme="@style/AppTheme.NoActionBar" />
64-->src\main\AndroidManifest.xml:46:13-56
65        <activity
65-->src\main\AndroidManifest.xml:47:9-50:59
66            android:name="com.example.bloodfinder.Activities.Admin.AdminProfile"
66-->src\main\AndroidManifest.xml:48:13-81
67            android:parentActivityName="com.example.bloodfinder.Activities.Admin.AdminDashboard"
67-->src\main\AndroidManifest.xml:49:13-97
68            android:theme="@style/AppTheme.NoActionBar" />
68-->src\main\AndroidManifest.xml:50:13-56
69        <activity
69-->src\main\AndroidManifest.xml:51:9-54:59
70            android:name="com.example.bloodfinder.Activities.Hospital.ShowVerifiedUsers"
70-->src\main\AndroidManifest.xml:52:13-89
71            android:parentActivityName="com.example.bloodfinder.Activities.Hospital.HospitalDashboard"
71-->src\main\AndroidManifest.xml:53:13-103
72            android:theme="@style/AppTheme.NoActionBar" />
72-->src\main\AndroidManifest.xml:54:13-56
73        <activity
73-->src\main\AndroidManifest.xml:55:9-58:59
74            android:name="com.example.bloodfinder.Activities.Hospital.ShowUsers"
74-->src\main\AndroidManifest.xml:56:13-81
75            android:parentActivityName="com.example.bloodfinder.Activities.Hospital.HospitalDashboard"
75-->src\main\AndroidManifest.xml:57:13-103
76            android:theme="@style/AppTheme.NoActionBar" />
76-->src\main\AndroidManifest.xml:58:13-56
77        <activity
77-->src\main\AndroidManifest.xml:59:9-62:59
78            android:name="com.example.bloodfinder.Activities.Admin.ShowHospital"
78-->src\main\AndroidManifest.xml:60:13-81
79            android:parentActivityName="com.example.bloodfinder.Activities.Admin.AdminDashboard"
79-->src\main\AndroidManifest.xml:61:13-97
80            android:theme="@style/AppTheme.NoActionBar" />
80-->src\main\AndroidManifest.xml:62:13-56
81        <activity
81-->src\main\AndroidManifest.xml:63:9-66:59
82            android:name="com.example.bloodfinder.Activities.Admin.ViewHospital"
82-->src\main\AndroidManifest.xml:64:13-81
83            android:parentActivityName="com.example.bloodfinder.Activities.Admin.AdminDashboard"
83-->src\main\AndroidManifest.xml:65:13-97
84            android:theme="@style/AppTheme.NoActionBar" />
84-->src\main\AndroidManifest.xml:66:13-56
85        <activity
85-->src\main\AndroidManifest.xml:67:9-70:59
86            android:name="com.example.bloodfinder.Activities.Hospital.HospitalDashboard"
86-->src\main\AndroidManifest.xml:68:13-89
87            android:screenOrientation="portrait"
87-->src\main\AndroidManifest.xml:69:13-49
88            android:theme="@style/AppTheme.NoActionBar" />
88-->src\main\AndroidManifest.xml:70:13-56
89        <activity
89-->src\main\AndroidManifest.xml:71:9-73:59
90            android:name="com.example.bloodfinder.Activities.Admin.AdminMainActivity"
90-->src\main\AndroidManifest.xml:72:13-86
91            android:theme="@style/AppTheme.NoActionBar" />
91-->src\main\AndroidManifest.xml:73:13-56
92        <activity
92-->src\main\AndroidManifest.xml:74:9-77:59
93            android:name="com.example.bloodfinder.Activities.Admin.AdminSignUp"
93-->src\main\AndroidManifest.xml:75:13-80
94            android:parentActivityName="com.example.bloodfinder.Activities.Admin.AdminDashboard"
94-->src\main\AndroidManifest.xml:76:13-97
95            android:theme="@style/AppTheme.NoActionBar" />
95-->src\main\AndroidManifest.xml:77:13-56
96        <activity
96-->src\main\AndroidManifest.xml:78:9-81:59
97            android:name="com.example.bloodfinder.Activities.Admin.AdminSendAlert"
97-->src\main\AndroidManifest.xml:79:13-83
98            android:parentActivityName="com.example.bloodfinder.Activities.Admin.AdminDashboard"
98-->src\main\AndroidManifest.xml:80:13-97
99            android:theme="@style/AppTheme.NoActionBar" />
99-->src\main\AndroidManifest.xml:81:13-56
100        <activity
100-->src\main\AndroidManifest.xml:82:9-85:59
101            android:name="com.example.bloodfinder.Activities.Admin.AddHospital"
101-->src\main\AndroidManifest.xml:83:13-80
102            android:parentActivityName="com.example.bloodfinder.Activities.Admin.AdminDashboard"
102-->src\main\AndroidManifest.xml:84:13-97
103            android:theme="@style/AppTheme.NoActionBar" /> <!-- <activity -->
103-->src\main\AndroidManifest.xml:85:13-56
104        <!-- android:name="com.example.bloodfinder.Activities.Admin.AdminHomeFragment" -->
105        <!-- android:exported="false" /> -->
106        <activity
106-->src\main\AndroidManifest.xml:88:9-91:59
107            android:name="com.example.bloodfinder.Activities.Admin.AdminDashboard"
107-->src\main\AndroidManifest.xml:89:13-83
108            android:screenOrientation="portrait"
108-->src\main\AndroidManifest.xml:90:13-49
109            android:theme="@style/AppTheme.NoActionBar" />
109-->src\main\AndroidManifest.xml:91:13-56
110        <activity
110-->src\main\AndroidManifest.xml:92:9-94:59
111            android:name="com.example.bloodfinder.Activities.ProfileUpdate"
111-->src\main\AndroidManifest.xml:93:13-76
112            android:theme="@style/AppTheme.NoActionBar" /> <!-- <activity -->
112-->src\main\AndroidManifest.xml:94:13-56
113        <!-- android:name="com.example.bloodfinder.Activities.ForgotPassword" -->
114        <!-- android:theme="@style/AppTheme.NoActionBar"/> -->
115        <activity
115-->src\main\AndroidManifest.xml:97:9-99:59
116            android:name="com.example.bloodfinder.Activities.Reminder"
116-->src\main\AndroidManifest.xml:98:13-71
117            android:theme="@style/AppTheme.NoActionBar" />
117-->src\main\AndroidManifest.xml:99:13-56
118        <activity
118-->src\main\AndroidManifest.xml:100:9-102:59
119            android:name="com.example.bloodfinder.Activities.MessageActivity"
119-->src\main\AndroidManifest.xml:101:13-78
120            android:theme="@style/AppTheme.NoActionBar" />
120-->src\main\AndroidManifest.xml:102:13-56
121        <activity
121-->src\main\AndroidManifest.xml:103:9-105:59
122            android:name="com.example.bloodfinder.Activities.ChatActivity"
122-->src\main\AndroidManifest.xml:104:13-75
123            android:theme="@style/AppTheme.NoActionBar" />
123-->src\main\AndroidManifest.xml:105:13-56
124        <activity
124-->src\main\AndroidManifest.xml:106:9-109:59
125            android:name="com.example.bloodfinder.Activities.AvailableBlood"
125-->src\main\AndroidManifest.xml:107:13-77
126            android:parentActivityName="com.example.bloodfinder.Activities.Dashboard"
126-->src\main\AndroidManifest.xml:108:13-86
127            android:theme="@style/AppTheme.NoActionBar" />
127-->src\main\AndroidManifest.xml:109:13-56
128        <activity
128-->src\main\AndroidManifest.xml:110:9-113:59
129            android:name="com.example.bloodfinder.Activities.BloodInformation"
129-->src\main\AndroidManifest.xml:111:13-79
130            android:parentActivityName="com.example.bloodfinder.Activities.Dashboard"
130-->src\main\AndroidManifest.xml:112:13-86
131            android:theme="@style/AppTheme.NoActionBar" />
131-->src\main\AndroidManifest.xml:113:13-56
132        <activity
132-->src\main\AndroidManifest.xml:114:9-117:59
133            android:name="com.example.bloodfinder.Activities.AboutUs"
133-->src\main\AndroidManifest.xml:115:13-70
134            android:parentActivityName="com.example.bloodfinder.Activities.Dashboard"
134-->src\main\AndroidManifest.xml:116:13-86
135            android:theme="@style/AppTheme.NoActionBar" />
135-->src\main\AndroidManifest.xml:117:13-56
136        <activity
136-->src\main\AndroidManifest.xml:118:9-120:59
137            android:name="com.example.bloodfinder.Utils.NoGPS"
137-->src\main\AndroidManifest.xml:119:13-63
138            android:theme="@style/AppTheme.NoActionBar" />
138-->src\main\AndroidManifest.xml:120:13-56
139        <activity
139-->src\main\AndroidManifest.xml:121:9-124:59
140            android:name="com.example.bloodfinder.Activities.DonationPost"
140-->src\main\AndroidManifest.xml:122:13-75
141            android:parentActivityName="com.example.bloodfinder.Activities.Dashboard"
141-->src\main\AndroidManifest.xml:123:13-86
142            android:theme="@style/AppTheme.NoActionBar" />
142-->src\main\AndroidManifest.xml:124:13-56
143        <activity
143-->src\main\AndroidManifest.xml:125:9-128:59
144            android:name="com.example.bloodfinder.Activities.UserProfile"
144-->src\main\AndroidManifest.xml:126:13-74
145            android:parentActivityName="com.example.bloodfinder.Activities.Dashboard"
145-->src\main\AndroidManifest.xml:127:13-86
146            android:theme="@style/AppTheme.NoActionBar" />
146-->src\main\AndroidManifest.xml:128:13-56
147        <activity
147-->src\main\AndroidManifest.xml:129:9-131:59
148            android:name="com.example.bloodfinder.Activities.NoConneciton"
148-->src\main\AndroidManifest.xml:130:13-75
149            android:theme="@style/AppTheme.NoActionBar" />
149-->src\main\AndroidManifest.xml:131:13-56
150        <activity
150-->src\main\AndroidManifest.xml:132:9-134:59
151            android:name="com.example.bloodfinder.Activities.MainActivity"
151-->src\main\AndroidManifest.xml:133:13-75
152            android:theme="@style/AppTheme.NoActionBar" />
152-->src\main\AndroidManifest.xml:134:13-56
153        <activity
153-->src\main\AndroidManifest.xml:135:9-139:55
154            android:name="com.example.bloodfinder.Activities.BloodRequests"
154-->src\main\AndroidManifest.xml:136:13-76
155            android:parentActivityName="com.example.bloodfinder.Activities.Dashboard"
155-->src\main\AndroidManifest.xml:137:13-86
156            android:theme="@style/AppTheme.NoActionBar"
156-->src\main\AndroidManifest.xml:138:13-56
157            android:windowSoftInputMode="adjustPan" />
157-->src\main\AndroidManifest.xml:139:13-52
158        <activity
158-->src\main\AndroidManifest.xml:140:9-142:59
159            android:name="com.example.bloodfinder.Activities.Setup_Profile"
159-->src\main\AndroidManifest.xml:141:13-76
160            android:theme="@style/AppTheme.NoActionBar" />
160-->src\main\AndroidManifest.xml:142:13-56
161
162        <uses-library
162-->src\main\AndroidManifest.xml:144:9-146:40
163            android:name="org.apache.http.legacy"
163-->src\main\AndroidManifest.xml:145:13-50
164            android:required="false" />
164-->src\main\AndroidManifest.xml:146:13-37
165
166        <meta-data
166-->src\main\AndroidManifest.xml:148:9-150:55
167            android:name="com.google.android.geo.API_KEY"
167-->src\main\AndroidManifest.xml:149:13-58
168            android:value="@string/google_maps_key" />
168-->src\main\AndroidManifest.xml:150:13-52
169        <meta-data
169-->src\main\AndroidManifest.xml:151:9-153:57
170            android:name="preloaded_fonts"
170-->src\main\AndroidManifest.xml:152:13-43
171            android:resource="@array/preloaded_fonts" />
171-->src\main\AndroidManifest.xml:153:13-54
172
173        <activity
173-->src\main\AndroidManifest.xml:155:9-159:55
174            android:name="com.example.bloodfinder.Activities.PostBloodRequest"
174-->src\main\AndroidManifest.xml:156:13-79
175            android:parentActivityName="com.example.bloodfinder.Activities.Dashboard"
175-->src\main\AndroidManifest.xml:157:13-86
176            android:theme="@style/AppTheme.NoActionBar"
176-->src\main\AndroidManifest.xml:158:13-56
177            android:windowSoftInputMode="adjustPan" />
177-->src\main\AndroidManifest.xml:159:13-52
178        <activity
178-->src\main\AndroidManifest.xml:160:9-163:59
179            android:name="com.example.bloodfinder.Activities.Dashboard"
179-->src\main\AndroidManifest.xml:161:13-72
180            android:screenOrientation="portrait"
180-->src\main\AndroidManifest.xml:162:13-49
181            android:theme="@style/AppTheme.NoActionBar" />
181-->src\main\AndroidManifest.xml:163:13-56
182        <activity
182-->src\main\AndroidManifest.xml:164:9-167:59
183            android:name="com.example.bloodfinder.Activities.SignUp"
183-->src\main\AndroidManifest.xml:165:13-69
184            android:screenOrientation="portrait"
184-->src\main\AndroidManifest.xml:166:13-49
185            android:theme="@style/AppTheme.NoActionBar" />
185-->src\main\AndroidManifest.xml:167:13-56
186        <activity
186-->src\main\AndroidManifest.xml:168:9-177:20
187            android:name="com.example.bloodfinder.Activities.SplashScreen"
187-->src\main\AndroidManifest.xml:169:13-75
188            android:screenOrientation="portrait"
188-->src\main\AndroidManifest.xml:170:13-49
189            android:theme="@style/AppTheme.NoActionBar" >
189-->src\main\AndroidManifest.xml:171:13-56
190            <intent-filter>
190-->src\main\AndroidManifest.xml:172:13-176:29
191                <action android:name="android.intent.action.MAIN" />
191-->src\main\AndroidManifest.xml:173:17-69
191-->src\main\AndroidManifest.xml:173:25-66
192
193                <category android:name="android.intent.category.LAUNCHER" />
193-->src\main\AndroidManifest.xml:175:17-77
193-->src\main\AndroidManifest.xml:175:27-74
194            </intent-filter>
195        </activity>
196        <activity
196-->src\main\AndroidManifest.xml:178:9-180:59
197            android:name="com.theartofdev.edmodo.cropper.CropImageActivity"
197-->src\main\AndroidManifest.xml:179:13-76
198            android:theme="@style/Base.Theme.AppCompat" />
198-->src\main\AndroidManifest.xml:180:13-56
199
200        <service
200-->src\main\AndroidManifest.xml:182:9-188:19
201            android:name="com.example.bloodfinder.Notifications.MyFirebaseMessagingService"
201-->src\main\AndroidManifest.xml:183:13-92
202            android:permission="android.permission.BIND_NOTIFICATION_LISTENER_SERVICE" >
202-->src\main\AndroidManifest.xml:184:13-87
203            <intent-filter>
203-->src\main\AndroidManifest.xml:185:13-187:29
204                <action android:name="android.service.notification.NotificationListenerService" />
204-->src\main\AndroidManifest.xml:186:17-99
204-->src\main\AndroidManifest.xml:186:25-96
205            </intent-filter>
206        </service>
207        <service
207-->src\main\AndroidManifest.xml:189:9-195:19
208            android:name="com.example.bloodfinder.Activities.Hospital.PushNotification"
208-->src\main\AndroidManifest.xml:190:13-65
209            android:exported="false" >
209-->src\main\AndroidManifest.xml:191:13-37
210            <intent-filter>
210-->src\main\AndroidManifest.xml:192:13-194:29
211                <action android:name="com.google.firebase.MESSAGING_EVENT" />
211-->src\main\AndroidManifest.xml:193:17-78
211-->src\main\AndroidManifest.xml:193:25-75
212            </intent-filter>
213        </service>
214
215        <activity
215-->[com.karumi:dexter:6.2.2] AndroidManifest.xml:27:9-29:72
216            android:name="com.karumi.dexter.DexterActivity"
216-->[com.karumi:dexter:6.2.2] AndroidManifest.xml:28:13-60
217            android:theme="@style/Dexter.Internal.Theme.Transparent" />
217-->[com.karumi:dexter:6.2.2] AndroidManifest.xml:29:13-69
218        <activity
218-->[com.google.firebase:firebase-auth:19.2.0] AndroidManifest.xml:24:9-31:50
219            android:name="com.google.firebase.auth.internal.FederatedSignInActivity"
219-->[com.google.firebase:firebase-auth:19.2.0] AndroidManifest.xml:25:13-85
220            android:excludeFromRecents="true"
220-->[com.google.firebase:firebase-auth:19.2.0] AndroidManifest.xml:26:13-46
221            android:exported="true"
221-->[com.google.firebase:firebase-auth:19.2.0] AndroidManifest.xml:27:13-36
222            android:launchMode="singleTask"
222-->[com.google.firebase:firebase-auth:19.2.0] AndroidManifest.xml:28:13-44
223            android:permission="com.google.firebase.auth.api.gms.permission.LAUNCH_FEDERATED_SIGN_IN"
223-->[com.google.firebase:firebase-auth:19.2.0] AndroidManifest.xml:29:13-102
224            android:theme="@android:style/Theme.Translucent.NoTitleBar" />
224-->[com.google.firebase:firebase-auth:19.2.0] AndroidManifest.xml:30:13-72
225
226        <service
226-->[com.google.firebase:firebase-auth:19.2.0] AndroidManifest.xml:33:9-39:19
227            android:name="com.google.firebase.components.ComponentDiscoveryService"
227-->[com.google.firebase:firebase-auth:19.2.0] AndroidManifest.xml:34:13-84
228            android:directBootAware="true"
228-->[com.google.firebase:firebase-common:19.3.1] AndroidManifest.xml:35:13-43
229            android:exported="false" >
229-->[com.google.firebase:firebase-auth:19.2.0] AndroidManifest.xml:35:13-37
230            <meta-data
230-->[com.google.firebase:firebase-auth:19.2.0] AndroidManifest.xml:36:13-38:85
231                android:name="com.google.firebase.components:com.google.firebase.auth.FirebaseAuthRegistrar"
231-->[com.google.firebase:firebase-auth:19.2.0] AndroidManifest.xml:37:17-109
232                android:value="com.google.firebase.components.ComponentRegistrar" />
232-->[com.google.firebase:firebase-auth:19.2.0] AndroidManifest.xml:38:17-82
233            <meta-data
233-->[com.google.firebase:firebase-database:19.5.1] AndroidManifest.xml:32:13-34:85
234                android:name="com.google.firebase.components:com.google.firebase.database.DatabaseRegistrar"
234-->[com.google.firebase:firebase-database:19.5.1] AndroidManifest.xml:33:17-109
235                android:value="com.google.firebase.components.ComponentRegistrar" />
235-->[com.google.firebase:firebase-database:19.5.1] AndroidManifest.xml:34:17-82
236            <meta-data
236-->[com.google.firebase:firebase-storage:19.2.0] AndroidManifest.xml:33:13-35:85
237                android:name="com.google.firebase.components:com.google.firebase.storage.StorageRegistrar"
237-->[com.google.firebase:firebase-storage:19.2.0] AndroidManifest.xml:34:17-107
238                android:value="com.google.firebase.components.ComponentRegistrar" />
238-->[com.google.firebase:firebase-storage:19.2.0] AndroidManifest.xml:35:17-82
239            <meta-data
239-->[com.google.firebase:firebase-messaging:21.0.0] AndroidManifest.xml:39:13-41:85
240                android:name="com.google.firebase.components:com.google.firebase.messaging.FirebaseMessagingRegistrar"
240-->[com.google.firebase:firebase-messaging:21.0.0] AndroidManifest.xml:40:17-119
241                android:value="com.google.firebase.components.ComponentRegistrar" />
241-->[com.google.firebase:firebase-messaging:21.0.0] AndroidManifest.xml:41:17-82
242            <meta-data
242-->[com.google.firebase:firebase-iid:21.0.0] AndroidManifest.xml:32:13-34:85
243                android:name="com.google.firebase.components:com.google.firebase.iid.Registrar"
243-->[com.google.firebase:firebase-iid:21.0.0] AndroidManifest.xml:33:17-96
244                android:value="com.google.firebase.components.ComponentRegistrar" />
244-->[com.google.firebase:firebase-iid:21.0.0] AndroidManifest.xml:34:17-82
245            <meta-data
245-->[com.google.firebase:firebase-datatransport:17.0.3] AndroidManifest.xml:28:13-30:85
246                android:name="com.google.firebase.components:com.google.firebase.datatransport.TransportRegistrar"
246-->[com.google.firebase:firebase-datatransport:17.0.3] AndroidManifest.xml:29:17-115
247                android:value="com.google.firebase.components.ComponentRegistrar" />
247-->[com.google.firebase:firebase-datatransport:17.0.3] AndroidManifest.xml:30:17-82
248            <meta-data
248-->[com.google.firebase:firebase-installations:16.3.3] AndroidManifest.xml:17:13-19:85
249                android:name="com.google.firebase.components:com.google.firebase.installations.FirebaseInstallationsRegistrar"
249-->[com.google.firebase:firebase-installations:16.3.3] AndroidManifest.xml:18:17-127
250                android:value="com.google.firebase.components.ComponentRegistrar" />
250-->[com.google.firebase:firebase-installations:16.3.3] AndroidManifest.xml:19:17-82
251        </service>
252
253        <activity
253-->[com.google.android.gms:play-services-auth:19.0.0] AndroidManifest.xml:23:9-27:75
254            android:name="com.google.android.gms.auth.api.signin.internal.SignInHubActivity"
254-->[com.google.android.gms:play-services-auth:19.0.0] AndroidManifest.xml:24:13-93
255            android:excludeFromRecents="true"
255-->[com.google.android.gms:play-services-auth:19.0.0] AndroidManifest.xml:25:13-46
256            android:exported="false"
256-->[com.google.android.gms:play-services-auth:19.0.0] AndroidManifest.xml:26:13-37
257            android:theme="@android:style/Theme.Translucent.NoTitleBar" />
257-->[com.google.android.gms:play-services-auth:19.0.0] AndroidManifest.xml:27:13-72
258        <!--
259            Service handling Google Sign-In user revocation. For apps that do not integrate with
260            Google Sign-In, this service will never be started.
261        -->
262        <service
262-->[com.google.android.gms:play-services-auth:19.0.0] AndroidManifest.xml:33:9-37:51
263            android:name="com.google.android.gms.auth.api.signin.RevocationBoundService"
263-->[com.google.android.gms:play-services-auth:19.0.0] AndroidManifest.xml:34:13-89
264            android:exported="true"
264-->[com.google.android.gms:play-services-auth:19.0.0] AndroidManifest.xml:35:13-36
265            android:permission="com.google.android.gms.auth.api.signin.permission.REVOCATION_NOTIFICATION"
265-->[com.google.android.gms:play-services-auth:19.0.0] AndroidManifest.xml:36:13-107
266            android:visibleToInstantApps="true" />
266-->[com.google.android.gms:play-services-auth:19.0.0] AndroidManifest.xml:37:13-48
267        <!--
268             FirebaseMessagingService performs security checks at runtime,
269             but set to not exported to explicitly avoid allowing another app to call it.
270        -->
271        <service
271-->[com.google.firebase:firebase-messaging:21.0.0] AndroidManifest.xml:28:9-35:19
272            android:name="com.google.firebase.messaging.FirebaseMessagingService"
272-->[com.google.firebase:firebase-messaging:21.0.0] AndroidManifest.xml:29:13-82
273            android:directBootAware="true"
273-->[com.google.firebase:firebase-messaging:21.0.0] AndroidManifest.xml:30:13-43
274            android:exported="false" >
274-->[com.google.firebase:firebase-messaging:21.0.0] AndroidManifest.xml:31:13-37
275            <intent-filter android:priority="-500" >
275-->src\main\AndroidManifest.xml:192:13-194:29
276                <action android:name="com.google.firebase.MESSAGING_EVENT" />
276-->src\main\AndroidManifest.xml:193:17-78
276-->src\main\AndroidManifest.xml:193:25-75
277            </intent-filter>
278        </service>
279
280        <provider
280-->[com.squareup.picasso:picasso:2.71828] AndroidManifest.xml:8:9-11:40
281            android:name="com.squareup.picasso.PicassoProvider"
281-->[com.squareup.picasso:picasso:2.71828] AndroidManifest.xml:9:13-64
282            android:authorities="com.example.bloodfinder.com.squareup.picasso"
282-->[com.squareup.picasso:picasso:2.71828] AndroidManifest.xml:10:13-72
283            android:exported="false" />
283-->[com.squareup.picasso:picasso:2.71828] AndroidManifest.xml:11:13-37
284
285        <receiver
285-->[com.google.firebase:firebase-iid:21.0.0] AndroidManifest.xml:37:9-44:20
286            android:name="com.google.firebase.iid.FirebaseInstanceIdReceiver"
286-->[com.google.firebase:firebase-iid:21.0.0] AndroidManifest.xml:38:13-78
287            android:exported="true"
287-->[com.google.firebase:firebase-iid:21.0.0] AndroidManifest.xml:39:13-36
288            android:permission="com.google.android.c2dm.permission.SEND" >
288-->[com.google.firebase:firebase-iid:21.0.0] AndroidManifest.xml:40:13-73
289            <intent-filter>
289-->[com.google.firebase:firebase-iid:21.0.0] AndroidManifest.xml:41:13-43:29
290                <action android:name="com.google.android.c2dm.intent.RECEIVE" />